<?xml version="1.0" encoding="UTF-8"?>
<!-- Generated by org.testng.reporters.JUnitXMLReporter -->
<testsuite ignored="9" hostname="LSTKMY232078" failures="1" tests="1" name="Default test" time="6.265" errors="0" timestamp="2023-05-18T00:42:12 CDT">
  <testcase classname="com.devtools.DemoTests" name="dockerTest" time="5.984">
    <failure type="org.openqa.selenium.WebDriverException" message="unknown error: net::ERR_NAME_NOT_RESOLVED
  (Session info: headless chrome=113.0.5672.93)
Build info: version: &amp;apos;3.141.59&amp;apos;, revision: &amp;apos;e82be7d358&amp;apos;, time: &amp;apos;2018-11-14T08:17:03&amp;apos;
System info: host: &amp;apos;LSTKMY232078&amp;apos;, ip: &amp;apos;169.254.27.140&amp;apos;, os.name: &amp;apos;Windows 10&amp;apos;, os.arch: &amp;apos;amd64&amp;apos;, os.version: &amp;apos;10.0&amp;apos;, java.version: &amp;apos;17.0.3&amp;apos;
Driver info: org.openqa.selenium.remote.RemoteWebDriver
Capabilities {acceptInsecureCerts: false, acceptSslCerts: true, browserName: chrome, browserVersion: 113.0.5672.93, chrome: {chromedriverVersion: 112.0.5615.49 (bd2a7bcb881c..., userDataDir: C:\Users\JOSE~1.GAL\AppData...}, goog:chromeOptions: {debuggerAddress: localhost:9222}, goog:loggingPrefs: {browser: ALL, driver: ALL, performance: ALL}, javascriptEnabled: true, loggingPrefs: org.openqa.selenium.logging..., networkConnectionEnabled: false, pageLoadStrategy: normal, platform: ANY, platformName: ANY, proxy: Proxy(), se:cdp: ws://169.254.27.140:4444/se..., se:cdpVersion: 113.0.5672.93, setWindowRect: true, strictFileInteractability: false, timeouts: {implicit: 0, pageLoad: 300000, script: 30000}, unhandledPromptBehavior: dismiss and notify, version: , webauthn:extension:credBlob: true, webauthn:extension:largeBlob: true, webauthn:extension:minPinLength: true, webauthn:extension:prf: true, webauthn:virtualAuthenticators: true}
Session ID: 070c6cdef8ae1e3d359a85e66b9ac946">
      <![CDATA[org.openqa.selenium.WebDriverException: unknown error: net::ERR_NAME_NOT_RESOLVED
  (Session info: headless chrome=113.0.5672.93)
Build info: version: '3.141.59', revision: 'e82be7d358', time: '2018-11-14T08:17:03'
System info: host: 'LSTKMY232078', ip: '169.254.27.140', os.name: 'Windows 10', os.arch: 'amd64', os.version: '10.0', java.version: '17.0.3'
Driver info: org.openqa.selenium.remote.RemoteWebDriver
Capabilities {acceptInsecureCerts: false, acceptSslCerts: true, browserName: chrome, browserVersion: 113.0.5672.93, chrome: {chromedriverVersion: 112.0.5615.49 (bd2a7bcb881c..., userDataDir: C:\Users\JOSE~1.GAL\AppData...}, goog:chromeOptions: {debuggerAddress: localhost:9222}, goog:loggingPrefs: {browser: ALL, driver: ALL, performance: ALL}, javascriptEnabled: true, loggingPrefs: org.openqa.selenium.logging..., networkConnectionEnabled: false, pageLoadStrategy: normal, platform: ANY, platformName: ANY, proxy: Proxy(), se:cdp: ws://169.254.27.140:4444/se..., se:cdpVersion: 113.0.5672.93, setWindowRect: true, strictFileInteractability: false, timeouts: {implicit: 0, pageLoad: 300000, script: 30000}, unhandledPromptBehavior: dismiss and notify, version: , webauthn:extension:credBlob: true, webauthn:extension:largeBlob: true, webauthn:extension:minPinLength: true, webauthn:extension:prf: true, webauthn:virtualAuthenticators: true}
Session ID: 070c6cdef8ae1e3d359a85e66b9ac946
at java.base/jdk.internal.reflect.NativeConstructorAccessorImpl.newInstance0(Native Method)
at java.base/jdk.internal.reflect.NativeConstructorAccessorImpl.newInstance(NativeConstructorAccessorImpl.java:77)
at java.base/jdk.internal.reflect.DelegatingConstructorAccessorImpl.newInstance(DelegatingConstructorAccessorImpl.java:45)
at java.base/java.lang.reflect.Constructor.newInstanceWithCaller(Constructor.java:499)
at java.base/java.lang.reflect.Constructor.newInstance(Constructor.java:480)
at org.openqa.selenium.remote.http.W3CHttpResponseCodec.createException(W3CHttpResponseCodec.java:187)
at org.openqa.selenium.remote.http.W3CHttpResponseCodec.decode(W3CHttpResponseCodec.java:122)
at org.openqa.selenium.remote.http.W3CHttpResponseCodec.decode(W3CHttpResponseCodec.java:49)
at org.openqa.selenium.remote.HttpCommandExecutor.execute(HttpCommandExecutor.java:158)
at org.openqa.selenium.remote.RemoteWebDriver.execute(RemoteWebDriver.java:552)
at org.openqa.selenium.remote.RemoteWebDriver.get(RemoteWebDriver.java:277)
at org.openqa.selenium.remote.RemoteWebDriver$RemoteNavigation.to(RemoteWebDriver.java:857)
at com.devtools.DemoTests.dockerTest(DemoTests.java:221)
at java.base/jdk.internal.reflect.NativeMethodAccessorImpl.invoke0(Native Method)
at java.base/jdk.internal.reflect.NativeMethodAccessorImpl.invoke(NativeMethodAccessorImpl.java:77)
at java.base/jdk.internal.reflect.DelegatingMethodAccessorImpl.invoke(DelegatingMethodAccessorImpl.java:43)
at java.base/java.lang.reflect.Method.invoke(Method.java:568)
at org.testng.internal.MethodInvocationHelper.invokeMethod(MethodInvocationHelper.java:133)
at org.testng.internal.TestInvoker.invokeMethod(TestInvoker.java:598)
at org.testng.internal.TestInvoker.invokeTestMethod(TestInvoker.java:173)
at org.testng.internal.MethodRunner.runInSequence(MethodRunner.java:46)
at org.testng.internal.TestInvoker$MethodInvocationAgent.invoke(TestInvoker.java:824)
at org.testng.internal.TestInvoker.invokeTestMethods(TestInvoker.java:146)
at org.testng.internal.TestMethodWorker.invokeTestMethods(TestMethodWorker.java:146)
at org.testng.internal.TestMethodWorker.run(TestMethodWorker.java:128)
at java.base/java.util.ArrayList.forEach(ArrayList.java:1511)
at org.testng.TestRunner.privateRun(TestRunner.java:794)
at org.testng.TestRunner.run(TestRunner.java:596)
at org.testng.SuiteRunner.runTest(SuiteRunner.java:377)
at org.testng.SuiteRunner.runSequentially(SuiteRunner.java:371)
at org.testng.SuiteRunner.privateRun(SuiteRunner.java:332)
at org.testng.SuiteRunner.run(SuiteRunner.java:276)
at org.testng.SuiteRunnerWorker.runSuite(SuiteRunnerWorker.java:53)
at org.testng.SuiteRunnerWorker.run(SuiteRunnerWorker.java:96)
at org.testng.TestNG.runSuitesSequentially(TestNG.java:1212)
at org.testng.TestNG.runSuitesLocally(TestNG.java:1134)
at org.testng.TestNG.runSuites(TestNG.java:1063)
at org.testng.TestNG.run(TestNG.java:1031)
at org.testng.remote.AbstractRemoteTestNG.run(AbstractRemoteTestNG.java:115)
at org.testng.remote.RemoteTestNG.initAndRun(RemoteTestNG.java:251)
at org.testng.remote.RemoteTestNG.main(RemoteTestNG.java:77)
]]>
    </failure>
  </testcase> <!-- dockerTest -->
  <testcase classname="com.devtools.DemoTests" name="doClearSiteData" time="0.0">
    <ignored/>
  </testcase> <!-- doClearSiteData -->
  <testcase classname="com.devtools.DemoTests" name="doElementScreenshot" time="0.0">
    <ignored/>
  </testcase> <!-- doElementScreenshot -->
  <testcase classname="com.devtools.DemoTests" name="doFullPageScreenshot" time="0.0">
    <ignored/>
  </testcase> <!-- doFullPageScreenshot -->
  <testcase classname="com.devtools.DemoTests" name="doResponseMocking" time="0.0">
    <ignored/>
  </testcase> <!-- doResponseMocking -->
  <testcase classname="com.devtools.DemoTests" name="doNetworkTracking" time="0.0">
    <ignored/>
  </testcase> <!-- doNetworkTracking -->
  <testcase classname="com.devtools.DemoTests" name="doFunMocking" time="0.0">
    <ignored/>
  </testcase> <!-- doFunMocking -->
  <testcase classname="com.devtools.DemoTests" name="doFakeGeoLocation" time="0.0">
    <ignored/>
  </testcase> <!-- doFakeGeoLocation -->
  <testcase classname="com.devtools.DemoTests" name="doPushNotificationTesting" time="0.0">
    <ignored/>
  </testcase> <!-- doPushNotificationTesting -->
  <testcase classname="com.devtools.DemoTests" name="doServiceWorkerTesting" time="0.0">
    <ignored/>
  </testcase> <!-- doServiceWorkerTesting -->
</testsuite> <!-- Default test -->
